<?xml version="1.0" encoding="UTF-8"?>
<testng-results skipped="0" failed="0" ignored="0" total="2" passed="2">
  <reporter-output>
  </reporter-output>
  <suite name="Suite" duration-ms="602" started-at="2018-11-27T20:38:45Z" finished-at="2018-11-27T20:38:46Z">
    <groups>
      <group name="cucumber">
        <method signature="AbstractTestNGCucumberTests.feature(cucumber.api.testng.CucumberFeatureWrapper)[pri:0, instance:runner.RunCuke@6d4b1c02]" name="feature" class="cucumber.api.testng.AbstractTestNGCucumberTests"/>
      </group> <!-- cucumber -->
    </groups>
    <test name="Test" duration-ms="602" started-at="2018-11-27T20:38:45Z" finished-at="2018-11-27T20:38:46Z">
      <class name="runner.RunCuke">
        <test-method status="PASS" signature="setUpClass()[pri:0, instance:runner.RunCuke@6d4b1c02]" name="setUpClass" is-config="true" duration-ms="281" started-at="2018-11-27T20:38:45Z" finished-at="2018-11-27T20:38:45Z">
          <reporter-output>
          </reporter-output>
        </test-method> <!-- setUpClass -->
        <test-method status="PASS" signature="feature(cucumber.api.testng.CucumberFeatureWrapper)[pri:0, instance:runner.RunCuke@6d4b1c02]" name="feature" duration-ms="153" started-at="2018-11-27T20:38:45Z" description="Runs Cucumber Feature" data-provider="features" finished-at="2018-11-27T20:38:46Z">
          <params>
            <param index="0">
              <value>
                <![CDATA[Login]]>
              </value>
            </param>
          </params>
          <reporter-output>
          </reporter-output>
        </test-method> <!-- feature -->
        <test-method status="PASS" signature="feature(cucumber.api.testng.CucumberFeatureWrapper)[pri:0, instance:runner.RunCuke@6d4b1c02]" name="feature" duration-ms="18" started-at="2018-11-27T20:38:46Z" description="Runs Cucumber Feature" data-provider="features" finished-at="2018-11-27T20:38:46Z">
          <params>
            <param index="0">
              <value>
                <![CDATA[Login in production]]>
              </value>
            </param>
          </params>
          <reporter-output>
          </reporter-output>
        </test-method> <!-- feature -->
        <test-method status="PASS" signature="tearDownClass()[pri:0, instance:runner.RunCuke@6d4b1c02]" name="tearDownClass" is-config="true" duration-ms="5" started-at="2018-11-27T20:38:46Z" finished-at="2018-11-27T20:38:46Z">
          <reporter-output>
          </reporter-output>
        </test-method> <!-- tearDownClass -->
      </class> <!-- runner.RunCuke -->
    </test> <!-- Test -->
  </suite> <!-- Suite -->
</testng-results>
